  Camera.cpp
  CGeIHC_ProyFinal.cpp
C:\Users\Suricatoide\Documents\CompuGrafica - Proyecto Final\P-Final\ProyectoCGeIHC\ProyectoCGeIHC\Window.h(12,36): warning C4244: 'return': conversión de 'GLint' a 'GLfloat'; posible pérdida de datos
  (compilando archivo de origen "CGeIHC_ProyFinal.cpp")
  
C:\Users\Suricatoide\Documents\CompuGrafica - Proyecto Final\P-Final\ProyectoCGeIHC\ProyectoCGeIHC\Window.h(13,37): warning C4244: 'return': conversión de 'GLint' a 'GLfloat'; posible pérdida de datos
  (compilando archivo de origen "CGeIHC_ProyFinal.cpp")
  
C:\Users\Suricatoide\Documents\CompuGrafica - Proyecto Final\P-Final\ProyectoCGeIHC\ProyectoCGeIHC\CGeIHC_ProyFinal.cpp(1347,15): warning C4244: 'inicializando': conversión de 'double' a 'GLfloat'; posible pérdida de datos
C:\Users\Suricatoide\Documents\CompuGrafica - Proyecto Final\P-Final\ProyectoCGeIHC\ProyectoCGeIHC\CGeIHC_ProyFinal.cpp(1349,33): warning C4244: '+=': conversión de 'double' a 'GLfloat'; posible pérdida de datos
C:\Users\Suricatoide\Documents\CompuGrafica - Proyecto Final\P-Final\ProyectoCGeIHC\ProyectoCGeIHC\CGeIHC_ProyFinal.cpp(1556,20): warning C4305: '+=': truncamiento de 'double' a 'float'
C:\Users\Suricatoide\Documents\CompuGrafica - Proyecto Final\P-Final\ProyectoCGeIHC\ProyectoCGeIHC\CGeIHC_ProyFinal.cpp(1557,20): warning C4305: '+=': truncamiento de 'double' a 'float'
C:\Users\Suricatoide\Documents\CompuGrafica - Proyecto Final\P-Final\ProyectoCGeIHC\ProyectoCGeIHC\CGeIHC_ProyFinal.cpp(1562,20): warning C4305: '-=': truncamiento de 'double' a 'float'
C:\Users\Suricatoide\Documents\CompuGrafica - Proyecto Final\P-Final\ProyectoCGeIHC\ProyectoCGeIHC\CGeIHC_ProyFinal.cpp(1570,20): warning C4305: '-=': truncamiento de 'double' a 'float'
C:\Users\Suricatoide\Documents\CompuGrafica - Proyecto Final\P-Final\ProyectoCGeIHC\ProyectoCGeIHC\CGeIHC_ProyFinal.cpp(1571,20): warning C4305: '+=': truncamiento de 'double' a 'float'
C:\Users\Suricatoide\Documents\CompuGrafica - Proyecto Final\P-Final\ProyectoCGeIHC\ProyectoCGeIHC\CGeIHC_ProyFinal.cpp(1580,20): warning C4305: '+=': truncamiento de 'double' a 'float'
C:\Users\Suricatoide\Documents\CompuGrafica - Proyecto Final\P-Final\ProyectoCGeIHC\ProyectoCGeIHC\CGeIHC_ProyFinal.cpp(1585,20): warning C4305: '-=': truncamiento de 'double' a 'float'
C:\Users\Suricatoide\Documents\CompuGrafica - Proyecto Final\P-Final\ProyectoCGeIHC\ProyectoCGeIHC\CGeIHC_ProyFinal.cpp(1597,20): warning C4305: '+=': truncamiento de 'double' a 'float'
C:\Users\Suricatoide\Documents\CompuGrafica - Proyecto Final\P-Final\ProyectoCGeIHC\ProyectoCGeIHC\CGeIHC_ProyFinal.cpp(1602,20): warning C4305: '-=': truncamiento de 'double' a 'float'
C:\Users\Suricatoide\Documents\CompuGrafica - Proyecto Final\P-Final\ProyectoCGeIHC\ProyectoCGeIHC\CGeIHC_ProyFinal.cpp(3675,24): warning C4244: '+=': conversión de 'double' a 'float'; posible pérdida de datos
C:\Users\Suricatoide\Documents\CompuGrafica - Proyecto Final\P-Final\ProyectoCGeIHC\ProyectoCGeIHC\CGeIHC_ProyFinal.cpp(3678,24): warning C4244: '-=': conversión de 'double' a 'float'; posible pérdida de datos
  DirectionalLight.cpp
C:\Users\Suricatoide\Documents\CompuGrafica - Proyecto Final\P-Final\ProyectoCGeIHC\ProyectoCGeIHC\DirectionalLight.cpp(18,14): warning C4244: 'argumento': conversión de 'GLfloat' a 'GLint'; posible pérdida de datos
C:\Users\Suricatoide\Documents\CompuGrafica - Proyecto Final\P-Final\ProyectoCGeIHC\ProyectoCGeIHC\DirectionalLight.cpp(19,14): warning C4244: 'argumento': conversión de 'GLfloat' a 'GLint'; posible pérdida de datos
C:\Users\Suricatoide\Documents\CompuGrafica - Proyecto Final\P-Final\ProyectoCGeIHC\ProyectoCGeIHC\DirectionalLight.cpp(21,14): warning C4244: 'argumento': conversión de 'GLfloat' a 'GLint'; posible pérdida de datos
C:\Users\Suricatoide\Documents\CompuGrafica - Proyecto Final\P-Final\ProyectoCGeIHC\ProyectoCGeIHC\DirectionalLight.cpp(22,14): warning C4244: 'argumento': conversión de 'GLfloat' a 'GLint'; posible pérdida de datos
  Light.cpp
  Material.cpp
  Mesh_tn.cpp
  Model.cpp
C:\Users\Suricatoide\Documents\CompuGrafica - Proyecto Final\P-Final\ProyectoCGeIHC\ProyectoCGeIHC\Model.cpp(16,10): warning C4477: 'printf' : la cadena de formato '%s' requiere un argumento de tipo 'char *', pero el argumento variádico 1 tiene el tipo 'const std::string'
C:\Users\Suricatoide\Documents\CompuGrafica - Proyecto Final\P-Final\ProyectoCGeIHC\ProyectoCGeIHC\Model.cpp(16,80): warning C4474: "printf": se pasaron demasiados argumentos para la cadena de formato
      C:\Users\Suricatoide\Documents\CompuGrafica - Proyecto Final\P-Final\ProyectoCGeIHC\ProyectoCGeIHC\Model.cpp(16,80):
      los marcadores de posición y sus parámetros esperan 1 argumentos variádicos, pero se proporcionaron 2
  
  PointLight.cpp
C:\Users\Suricatoide\Documents\CompuGrafica - Proyecto Final\P-Final\ProyectoCGeIHC\ProyectoCGeIHC\PointLight.cpp(28,14): warning C4244: 'argumento': conversión de 'GLfloat' a 'GLint'; posible pérdida de datos
C:\Users\Suricatoide\Documents\CompuGrafica - Proyecto Final\P-Final\ProyectoCGeIHC\ProyectoCGeIHC\PointLight.cpp(29,14): warning C4244: 'argumento': conversión de 'GLfloat' a 'GLint'; posible pérdida de datos
C:\Users\Suricatoide\Documents\CompuGrafica - Proyecto Final\P-Final\ProyectoCGeIHC\ProyectoCGeIHC\PointLight.cpp(30,14): warning C4244: 'argumento': conversión de 'GLfloat' a 'GLint'; posible pérdida de datos
C:\Users\Suricatoide\Documents\CompuGrafica - Proyecto Final\P-Final\ProyectoCGeIHC\ProyectoCGeIHC\PointLight.cpp(32,14): warning C4244: 'argumento': conversión de 'GLfloat' a 'GLint'; posible pérdida de datos
C:\Users\Suricatoide\Documents\CompuGrafica - Proyecto Final\P-Final\ProyectoCGeIHC\ProyectoCGeIHC\PointLight.cpp(33,14): warning C4244: 'argumento': conversión de 'GLfloat' a 'GLint'; posible pérdida de datos
C:\Users\Suricatoide\Documents\CompuGrafica - Proyecto Final\P-Final\ProyectoCGeIHC\ProyectoCGeIHC\PointLight.cpp(34,14): warning C4244: 'argumento': conversión de 'GLfloat' a 'GLint'; posible pérdida de datos
C:\Users\Suricatoide\Documents\CompuGrafica - Proyecto Final\P-Final\ProyectoCGeIHC\ProyectoCGeIHC\PointLight.cpp(35,14): warning C4244: 'argumento': conversión de 'GLfloat' a 'GLint'; posible pérdida de datos
  Shader_light.cpp
C:\Users\Suricatoide\Documents\CompuGrafica - Proyecto Final\P-Final\ProyectoCGeIHC\ProyectoCGeIHC\Shader_light.cpp(215,75): warning C4244: 'argumento': conversión de 'GLuint' a 'GLfloat'; posible pérdida de datos
C:\Users\Suricatoide\Documents\CompuGrafica - Proyecto Final\P-Final\ProyectoCGeIHC\ProyectoCGeIHC\Shader_light.cpp(215,26): warning C4244: 'argumento': conversión de 'GLuint' a 'GLfloat'; posible pérdida de datos
C:\Users\Suricatoide\Documents\CompuGrafica - Proyecto Final\P-Final\ProyectoCGeIHC\ProyectoCGeIHC\Shader_light.cpp(214,91): warning C4244: 'argumento': conversión de 'GLuint' a 'GLfloat'; posible pérdida de datos
C:\Users\Suricatoide\Documents\CompuGrafica - Proyecto Final\P-Final\ProyectoCGeIHC\ProyectoCGeIHC\Shader_light.cpp(214,42): warning C4244: 'argumento': conversión de 'GLuint' a 'GLfloat'; posible pérdida de datos
C:\Users\Suricatoide\Documents\CompuGrafica - Proyecto Final\P-Final\ProyectoCGeIHC\ProyectoCGeIHC\Shader_light.cpp(228,98): warning C4244: 'argumento': conversión de 'GLuint' a 'GLfloat'; posible pérdida de datos
C:\Users\Suricatoide\Documents\CompuGrafica - Proyecto Final\P-Final\ProyectoCGeIHC\ProyectoCGeIHC\Shader_light.cpp(228,62): warning C4244: 'argumento': conversión de 'GLuint' a 'GLfloat'; posible pérdida de datos
C:\Users\Suricatoide\Documents\CompuGrafica - Proyecto Final\P-Final\ProyectoCGeIHC\ProyectoCGeIHC\Shader_light.cpp(228,24): warning C4244: 'argumento': conversión de 'GLuint' a 'GLfloat'; posible pérdida de datos
C:\Users\Suricatoide\Documents\CompuGrafica - Proyecto Final\P-Final\ProyectoCGeIHC\ProyectoCGeIHC\Shader_light.cpp(227,70): warning C4244: 'argumento': conversión de 'GLuint' a 'GLfloat'; posible pérdida de datos
C:\Users\Suricatoide\Documents\CompuGrafica - Proyecto Final\P-Final\ProyectoCGeIHC\ProyectoCGeIHC\Shader_light.cpp(227,24): warning C4244: 'argumento': conversión de 'GLuint' a 'GLfloat'; posible pérdida de datos
C:\Users\Suricatoide\Documents\CompuGrafica - Proyecto Final\P-Final\ProyectoCGeIHC\ProyectoCGeIHC\Shader_light.cpp(226,88): warning C4244: 'argumento': conversión de 'GLuint' a 'GLfloat'; posible pérdida de datos
C:\Users\Suricatoide\Documents\CompuGrafica - Proyecto Final\P-Final\ProyectoCGeIHC\ProyectoCGeIHC\Shader_light.cpp(226,42): warning C4244: 'argumento': conversión de 'GLuint' a 'GLfloat'; posible pérdida de datos
  Skybox.cpp
  Sphere.cpp
C:\Users\Suricatoide\Documents\CompuGrafica - Proyecto Final\P-Final\ProyectoCGeIHC\ProyectoCGeIHC\Sphere.cpp(39,13): warning C4244: 'inicializando': conversión de 'double' a 'float'; posible pérdida de datos
C:\Users\Suricatoide\Documents\CompuGrafica - Proyecto Final\P-Final\ProyectoCGeIHC\ProyectoCGeIHC\Sphere.cpp(43,16): warning C4244: 'inicializando': conversión de 'double' a 'float'; posible pérdida de datos
  SpotLight.cpp
  Texture.cpp
  Window.cpp
C:\Users\Suricatoide\Documents\CompuGrafica - Proyecto Final\P-Final\ProyectoCGeIHC\ProyectoCGeIHC\Window.h(12,36): warning C4244: 'return': conversión de 'GLint' a 'GLfloat'; posible pérdida de datos
  (compilando archivo de origen "Window.cpp")
  
C:\Users\Suricatoide\Documents\CompuGrafica - Proyecto Final\P-Final\ProyectoCGeIHC\ProyectoCGeIHC\Window.h(13,37): warning C4244: 'return': conversión de 'GLint' a 'GLfloat'; posible pérdida de datos
  (compilando archivo de origen "Window.cpp")
  
C:\Users\Suricatoide\Documents\CompuGrafica - Proyecto Final\P-Final\ProyectoCGeIHC\ProyectoCGeIHC\Window.cpp(194,28): warning C4305: '-=': truncamiento de 'double' a 'GLfloat'
C:\Users\Suricatoide\Documents\CompuGrafica - Proyecto Final\P-Final\ProyectoCGeIHC\ProyectoCGeIHC\Window.cpp(303,22): warning C4244: '=': conversión de 'double' a 'GLfloat'; posible pérdida de datos
C:\Users\Suricatoide\Documents\CompuGrafica - Proyecto Final\P-Final\ProyectoCGeIHC\ProyectoCGeIHC\Window.cpp(304,22): warning C4244: '=': conversión de 'double' a 'GLfloat'; posible pérdida de datos
C:\Users\Suricatoide\Documents\CompuGrafica - Proyecto Final\P-Final\ProyectoCGeIHC\ProyectoCGeIHC\Window.cpp(308,28): warning C4244: '=': conversión de 'double' a 'GLfloat'; posible pérdida de datos
C:\Users\Suricatoide\Documents\CompuGrafica - Proyecto Final\P-Final\ProyectoCGeIHC\ProyectoCGeIHC\Window.cpp(309,40): warning C4244: '=': conversión de 'double' a 'GLfloat'; posible pérdida de datos
C:\Users\Suricatoide\Documents\CompuGrafica - Proyecto Final\P-Final\ProyectoCGeIHC\ProyectoCGeIHC\Window.cpp(311,21): warning C4244: '=': conversión de 'double' a 'GLfloat'; posible pérdida de datos
C:\Users\Suricatoide\Documents\CompuGrafica - Proyecto Final\P-Final\ProyectoCGeIHC\ProyectoCGeIHC\Window.cpp(312,21): warning C4244: '=': conversión de 'double' a 'GLfloat'; posible pérdida de datos
  Generando código...
C:\Users\Suricatoide\Documents\CompuGrafica - Proyecto Final\P-Final\ProyectoCGeIHC\ProyectoCGeIHC\Window.cpp(95,1): warning C4715: 'Window::Initialise': no todas las rutas de acceso de control devuelven un valor
LINK : warning LNK4098: la biblioteca predeterminada'MSVCRT' entra en conflicto con otras bibliotecas; use la biblioteca /NODEFAULTLIB:biblioteca
  ProyectoCGeIHC.vcxproj -> C:\Users\Suricatoide\Documents\CompuGrafica - Proyecto Final\P-Final\ProyectoCGeIHC\Debug\ProyectoCGeIHC.exe
